<?xml version="1.0" encoding="UTF-8"?>
<testsuite xmlns:xsi="http://www.w3.org/2001/XMLSchema-instance" xsi:noNamespaceSchemaLocation="https://maven.apache.org/surefire/maven-surefire-plugin/xsd/surefire-test-report.xsd" version="3.0.2" name="com.tpanh.server.ServerApplicationTests" time="3.708" tests="1" errors="0" skipped="0" failures="0">
  <properties>
[...]
</properties>
  <testcase name="contextLoads" classname="com.tpanh.server.ServerApplicationTests" time="0.295">
    <system-out><![CDATA[17:43:27.339 [main] INFO org.springframework.test.context.support.AnnotationConfigContextLoaderUtils -- Could not detect default configuration classes for test class [com.tpanh.server.ServerApplicationTests]: ServerApplicationTests does not declare any static, non-private, non-final, nested classes annotated with @Configuration.
17:43:27.408 [main] INFO org.springframework.boot.test.context.SpringBootTestContextBootstrapper -- Found @SpringBootConfiguration com.tpanh.server.ServerApplication for test class com.tpanh.server.ServerApplicationTests

  .   ____          _            __ _ _
 /\\ / ___'_ __ _ _(_)_ __  __ _ \ \ \ \
( ( )\___ | '_ | '_| | '_ \/ _` | \ \ \ \
 \\/  ___)| |_)| | | | | || (_| |  ) ) ) )
  '  |____| .__|_| |_|_| |_\__, | / / / /
 =========|_|==============|___/=/_/_/_/

 :: Spring Boot ::                (v4.0.1)

2026-02-09T17:43:27.636+07:00  INFO 25504 --- [           main] c.tpanh.server.ServerApplicationTests    : Starting ServerApplicationTests using Java 23.0.1 with PID 25504 (started by tanh11704 in /Users/tanh11704/Desktop/project/LiteratureForum/backend)
2026-02-09T17:43:27.637+07:00  INFO 25504 --- [           main] c.tpanh.server.ServerApplicationTests    : No active profile set, falling back to 1 default profile: "default"
2026-02-09T17:43:28.043+07:00  INFO 25504 --- [           main] .s.d.r.c.RepositoryConfigurationDelegate : Bootstrapping Spring Data JPA repositories in DEFAULT mode.
2026-02-09T17:43:28.075+07:00  INFO 25504 --- [           main] .s.d.r.c.RepositoryConfigurationDelegate : Finished Spring Data repository scanning in 27 ms. Found 4 JPA repository interfaces.
2026-02-09T17:43:28.342+07:00  INFO 25504 --- [           main] org.hibernate.orm.jpa                    : HHH008540: Processing PersistenceUnitInfo [name: default]
2026-02-09T17:43:28.375+07:00  INFO 25504 --- [           main] org.hibernate.orm.core                   : HHH000001: Hibernate ORM core version 7.2.0.Final
2026-02-09T17:43:28.609+07:00  INFO 25504 --- [           main] o.s.o.j.p.SpringPersistenceUnitInfo      : No LoadTimeWeaver setup: ignoring JPA class transformer
2026-02-09T17:43:28.628+07:00  INFO 25504 --- [           main] com.zaxxer.hikari.HikariDataSource       : HikariPool-1 - Starting...
2026-02-09T17:43:28.727+07:00  INFO 25504 --- [           main] com.zaxxer.hikari.pool.HikariPool        : HikariPool-1 - Added connection conn0: url=jdbc:h2:mem:literatureforum_test user=SA
2026-02-09T17:43:28.728+07:00  INFO 25504 --- [           main] com.zaxxer.hikari.HikariDataSource       : HikariPool-1 - Start completed.
2026-02-09T17:43:28.742+07:00  WARN 25504 --- [           main] org.hibernate.orm.deprecation            : HHH90000025: H2Dialect does not need to be specified explicitly using 'hibernate.dialect' (remove the property setting and it will be selected by default)
2026-02-09T17:43:28.754+07:00  INFO 25504 --- [           main] org.hibernate.orm.connections.pooling    : HHH10001005: Database info:
	Database JDBC URL [jdbc:h2:mem:literatureforum_test]
	Database driver: H2 JDBC Driver
	Database dialect: H2Dialect
	Database version: 2.4.240
	Default catalog/schema: LITERATUREFORUM_TEST/PUBLIC
	Autocommit mode: undefined/unknown
	Isolation level: READ_COMMITTED [default READ_COMMITTED]
	JDBC fetch size: 100
	Pool: DataSourceConnectionProvider
	Minimum pool size: undefined/unknown
	Maximum pool size: undefined/unknown
2026-02-09T17:43:29.420+07:00  INFO 25504 --- [           main] org.hibernate.orm.core                   : HHH000489: No JTA platform available (set 'hibernate.transaction.jta.platform' to enable JTA platform integration)
Hibernate: drop table if exists refresh_tokens cascade 
Hibernate: drop table if exists social_accounts cascade 
Hibernate: drop table if exists users cascade 
Hibernate: drop table if exists verification_codes cascade 
Hibernate: create table refresh_tokens (revoked boolean not null, created_at timestamp(6) with time zone, expiry_date timestamp(6) with time zone not null, id uuid not null, user_id uuid not null, token varchar(255) not null unique, primary key (id))
Hibernate: create table social_accounts (id uuid not null, user_id uuid not null, email varchar(255), name varchar(255), provider_id varchar(255) not null, provider enum ('GOOGLE','LOCAL') not null, primary key (id))
Hibernate: create table users (is_active boolean, is_email_verified boolean, created_at timestamp(6) with time zone, updated_at timestamp(6) with time zone, id uuid not null, password_hash varchar(500), avatar_url varchar(255), email varchar(255) not null unique, full_name varchar(255) not null, role enum ('ADMIN','USER') not null, primary key (id))
Hibernate: create table verification_codes (expiry_date timestamp(6) with time zone not null, id uuid not null, user_id uuid not null, code varchar(255) not null, type enum ('REGISTER','RESET_PASSWORD') not null, primary key (id))
Hibernate: create index idx_refresh_tokens_token on refresh_tokens (token)
Hibernate: create index idx_refresh_tokens_user_id on refresh_tokens (user_id)
Hibernate: create index idx_social_accounts_user_id on social_accounts (user_id)
Hibernate: create index idx_users_email on users (email)
Hibernate: alter table if exists refresh_tokens add constraint fk_refresh_token_user foreign key (user_id) references users
Hibernate: alter table if exists social_accounts add constraint FK6rmxxiton5yuvu7ph2hcq2xn7 foreign key (user_id) references users
Hibernate: alter table if exists verification_codes add constraint FKa4qo6nts1xd94owirq5evcpda foreign key (user_id) references users
2026-02-09T17:43:29.449+07:00  INFO 25504 --- [           main] j.LocalContainerEntityManagerFactoryBean : Initialized JPA EntityManagerFactory for persistence unit 'default'
2026-02-09T17:43:29.511+07:00  INFO 25504 --- [           main] o.s.d.j.r.query.QueryEnhancerFactories   : Hibernate is in classpath; If applicable, HQL parser will be used.
2026-02-09T17:43:30.286+07:00  INFO 25504 --- [           main] eAuthenticationProviderManagerConfigurer : Global AuthenticationManager configured with AuthenticationProvider bean with name authenticationProvider
2026-02-09T17:43:30.286+07:00  WARN 25504 --- [           main] r$InitializeUserDetailsManagerConfigurer : Global AuthenticationManager configured with an AuthenticationProvider bean. UserDetailsService beans will not be used by Spring Security for automatically configuring username/password login. Consider removing the AuthenticationProvider bean. Alternatively, consider using the UserDetailsService in a manually instantiated DaoAuthenticationProvider. If the current configuration is intentional, to turn off this warning, increase the logging level of 'org.springframework.security.config.annotation.authentication.configuration.InitializeUserDetailsBeanManagerConfigurer' to ERROR
2026-02-09T17:43:30.321+07:00  WARN 25504 --- [           main] JpaBaseConfiguration$JpaWebConfiguration : spring.jpa.open-in-view is enabled by default. Therefore, database queries may be performed during view rendering. Explicitly configure spring.jpa.open-in-view to disable this warning
2026-02-09T17:43:30.640+07:00  INFO 25504 --- [           main] c.tpanh.server.ServerApplicationTests    : Started ServerApplicationTests in 3.158 seconds (process running for 3.816)
]]></system-out>
    <system-err><![CDATA[Mockito is currently self-attaching to enable the inline-mock-maker. This will no longer work in future releases of the JDK. Please add Mockito as an agent to your build as described in Mockito's documentation: https://javadoc.io/doc/org.mockito/mockito-core/latest/org.mockito/org/mockito/Mockito.html#0.3
WARNING: A Java agent has been loaded dynamically (/Users/tanh11704/.m2/repository/net/bytebuddy/byte-buddy-agent/1.17.8/byte-buddy-agent-1.17.8.jar)
WARNING: If a serviceability tool is in use, please run with -XX:+EnableDynamicAgentLoading to hide this warning
WARNING: If a serviceability tool is not in use, please run with -Djdk.instrument.traceUsage for more information
WARNING: Dynamic loading of agents will be disallowed by default in a future release
]]></system-err>
  </testcase>
</testsuite>